<?xml version="1.0" encoding="UTF-8"?>
<testsuite xmlns:xsi="http://www.w3.org/2001/XMLSchema-instance" xsi:noNamespaceSchemaLocation="https://maven.apache.org/surefire/maven-surefire-plugin/xsd/surefire-test-report-3.0.xsd" version="3.0" name="com.example.currencyexchange.controller.ExchangeControllerIntegrationTest" time="3.553" tests="5" errors="0" skipped="0" failures="0">
  <properties>
    <property name="java.specification.version" value="21"/>
    <property name="sun.cpu.isalist" value="amd64"/>
    <property name="sun.jnu.encoding" value="Cp1251"/>
    <property name="java.class.path" value="C:\Users\h.pichukha\IdeaProjects\Workshop-1-ready\target\test-classes;C:\Users\h.pichukha\IdeaProjects\Workshop-1-ready\target\classes;C:\Users\h.pichukha\.m2\repository\org\springframework\boot\spring-boot-starter-web\3.2.0\spring-boot-starter-web-3.2.0.jar;C:\Users\h.pichukha\.m2\repository\org\springframework\boot\spring-boot-starter\3.2.0\spring-boot-starter-3.2.0.jar;C:\Users\h.pichukha\.m2\repository\org\springframework\boot\spring-boot-starter-logging\3.2.0\spring-boot-starter-logging-3.2.0.jar;C:\Users\h.pichukha\.m2\repository\ch\qos\logback\logback-classic\1.4.11\logback-classic-1.4.11.jar;C:\Users\h.pichukha\.m2\repository\ch\qos\logback\logback-core\1.4.11\logback-core-1.4.11.jar;C:\Users\h.pichukha\.m2\repository\org\apache\logging\log4j\log4j-to-slf4j\2.21.1\log4j-to-slf4j-2.21.1.jar;C:\Users\h.pichukha\.m2\repository\org\apache\logging\log4j\log4j-api\2.21.1\log4j-api-2.21.1.jar;C:\Users\h.pichukha\.m2\repository\org\slf4j\jul-to-slf4j\2.0.9\jul-to-slf4j-2.0.9.jar;C:\Users\h.pichukha\.m2\repository\jakarta\annotation\jakarta.annotation-api\2.1.1\jakarta.annotation-api-2.1.1.jar;C:\Users\h.pichukha\.m2\repository\org\yaml\snakeyaml\2.2\snakeyaml-2.2.jar;C:\Users\h.pichukha\.m2\repository\org\springframework\boot\spring-boot-starter-json\3.2.0\spring-boot-starter-json-3.2.0.jar;C:\Users\h.pichukha\.m2\repository\com\fasterxml\jackson\core\jackson-databind\2.15.3\jackson-databind-2.15.3.jar;C:\Users\h.pichukha\.m2\repository\com\fasterxml\jackson\core\jackson-annotations\2.15.3\jackson-annotations-2.15.3.jar;C:\Users\h.pichukha\.m2\repository\com\fasterxml\jackson\core\jackson-core\2.15.3\jackson-core-2.15.3.jar;C:\Users\h.pichukha\.m2\repository\com\fasterxml\jackson\datatype\jackson-datatype-jdk8\2.15.3\jackson-datatype-jdk8-2.15.3.jar;C:\Users\h.pichukha\.m2\repository\com\fasterxml\jackson\datatype\jackson-datatype-jsr310\2.15.3\jackson-datatype-jsr310-2.15.3.jar;C:\Users\h.pichukha\.m2\repository\com\fasterxml\jackson\module\jackson-module-parameter-names\2.15.3\jackson-module-parameter-names-2.15.3.jar;C:\Users\h.pichukha\.m2\repository\org\springframework\boot\spring-boot-starter-tomcat\3.2.0\spring-boot-starter-tomcat-3.2.0.jar;C:\Users\h.pichukha\.m2\repository\org\apache\tomcat\embed\tomcat-embed-core\10.1.16\tomcat-embed-core-10.1.16.jar;C:\Users\h.pichukha\.m2\repository\org\apache\tomcat\embed\tomcat-embed-el\10.1.16\tomcat-embed-el-10.1.16.jar;C:\Users\h.pichukha\.m2\repository\org\apache\tomcat\embed\tomcat-embed-websocket\10.1.16\tomcat-embed-websocket-10.1.16.jar;C:\Users\h.pichukha\.m2\repository\org\springframework\spring-web\6.1.1\spring-web-6.1.1.jar;C:\Users\h.pichukha\.m2\repository\org\springframework\spring-beans\6.1.1\spring-beans-6.1.1.jar;C:\Users\h.pichukha\.m2\repository\io\micrometer\micrometer-observation\1.12.0\micrometer-observation-1.12.0.jar;C:\Users\h.pichukha\.m2\repository\io\micrometer\micrometer-commons\1.12.0\micrometer-commons-1.12.0.jar;C:\Users\h.pichukha\.m2\repository\org\springframework\spring-webmvc\6.1.1\spring-webmvc-6.1.1.jar;C:\Users\h.pichukha\.m2\repository\org\springframework\spring-context\6.1.1\spring-context-6.1.1.jar;C:\Users\h.pichukha\.m2\repository\org\springframework\spring-expression\6.1.1\spring-expression-6.1.1.jar;C:\Users\h.pichukha\.m2\repository\org\springframework\boot\spring-boot-starter-security\3.2.0\spring-boot-starter-security-3.2.0.jar;C:\Users\h.pichukha\.m2\repository\org\springframework\spring-aop\6.1.1\spring-aop-6.1.1.jar;C:\Users\h.pichukha\.m2\repository\org\springframework\security\spring-security-config\6.2.0\spring-security-config-6.2.0.jar;C:\Users\h.pichukha\.m2\repository\org\springframework\security\spring-security-web\6.2.0\spring-security-web-6.2.0.jar;C:\Users\h.pichukha\.m2\repository\org\springframework\boot\spring-boot-devtools\3.2.0\spring-boot-devtools-3.2.0.jar;C:\Users\h.pichukha\.m2\repository\org\springframework\boot\spring-boot\3.2.0\spring-boot-3.2.0.jar;C:\Users\h.pichukha\.m2\repository\org\springframework\boot\spring-boot-autoconfigure\3.2.0\spring-boot-autoconfigure-3.2.0.jar;C:\Users\h.pichukha\.m2\repository\org\projectlombok\lombok\1.18.30\lombok-1.18.30.jar;C:\Users\h.pichukha\.m2\repository\org\springframework\boot\spring-boot-starter-test\3.2.0\spring-boot-starter-test-3.2.0.jar;C:\Users\h.pichukha\.m2\repository\org\springframework\boot\spring-boot-test\3.2.0\spring-boot-test-3.2.0.jar;C:\Users\h.pichukha\.m2\repository\org\springframework\boot\spring-boot-test-autoconfigure\3.2.0\spring-boot-test-autoconfigure-3.2.0.jar;C:\Users\h.pichukha\.m2\repository\com\jayway\jsonpath\json-path\2.8.0\json-path-2.8.0.jar;C:\Users\h.pichukha\.m2\repository\org\slf4j\slf4j-api\2.0.9\slf4j-api-2.0.9.jar;C:\Users\h.pichukha\.m2\repository\jakarta\xml\bind\jakarta.xml.bind-api\4.0.1\jakarta.xml.bind-api-4.0.1.jar;C:\Users\h.pichukha\.m2\repository\jakarta\activation\jakarta.activation-api\2.1.2\jakarta.activation-api-2.1.2.jar;C:\Users\h.pichukha\.m2\repository\net\minidev\json-smart\2.5.0\json-smart-2.5.0.jar;C:\Users\h.pichukha\.m2\repository\net\minidev\accessors-smart\2.5.0\accessors-smart-2.5.0.jar;C:\Users\h.pichukha\.m2\repository\org\ow2\asm\asm\9.3\asm-9.3.jar;C:\Users\h.pichukha\.m2\repository\org\assertj\assertj-core\3.24.2\assertj-core-3.24.2.jar;C:\Users\h.pichukha\.m2\repository\net\bytebuddy\byte-buddy\1.14.10\byte-buddy-1.14.10.jar;C:\Users\h.pichukha\.m2\repository\org\awaitility\awaitility\4.2.0\awaitility-4.2.0.jar;C:\Users\h.pichukha\.m2\repository\org\hamcrest\hamcrest\2.2\hamcrest-2.2.jar;C:\Users\h.pichukha\.m2\repository\org\junit\jupiter\junit-jupiter\5.10.1\junit-jupiter-5.10.1.jar;C:\Users\h.pichukha\.m2\repository\org\junit\jupiter\junit-jupiter-api\5.10.1\junit-jupiter-api-5.10.1.jar;C:\Users\h.pichukha\.m2\repository\org\opentest4j\opentest4j\1.3.0\opentest4j-1.3.0.jar;C:\Users\h.pichukha\.m2\repository\org\junit\platform\junit-platform-commons\1.10.1\junit-platform-commons-1.10.1.jar;C:\Users\h.pichukha\.m2\repository\org\apiguardian\apiguardian-api\1.1.2\apiguardian-api-1.1.2.jar;C:\Users\h.pichukha\.m2\repository\org\junit\jupiter\junit-jupiter-params\5.10.1\junit-jupiter-params-5.10.1.jar;C:\Users\h.pichukha\.m2\repository\org\junit\jupiter\junit-jupiter-engine\5.10.1\junit-jupiter-engine-5.10.1.jar;C:\Users\h.pichukha\.m2\repository\org\junit\platform\junit-platform-engine\1.10.1\junit-platform-engine-1.10.1.jar;C:\Users\h.pichukha\.m2\repository\org\mockito\mockito-core\5.7.0\mockito-core-5.7.0.jar;C:\Users\h.pichukha\.m2\repository\net\bytebuddy\byte-buddy-agent\1.14.10\byte-buddy-agent-1.14.10.jar;C:\Users\h.pichukha\.m2\repository\org\objenesis\objenesis\3.3\objenesis-3.3.jar;C:\Users\h.pichukha\.m2\repository\org\mockito\mockito-junit-jupiter\5.7.0\mockito-junit-jupiter-5.7.0.jar;C:\Users\h.pichukha\.m2\repository\org\skyscreamer\jsonassert\1.5.1\jsonassert-1.5.1.jar;C:\Users\h.pichukha\.m2\repository\com\vaadin\external\google\android-json\0.0.20131108.vaadin1\android-json-0.0.20131108.vaadin1.jar;C:\Users\h.pichukha\.m2\repository\org\springframework\spring-core\6.1.1\spring-core-6.1.1.jar;C:\Users\h.pichukha\.m2\repository\org\springframework\spring-jcl\6.1.1\spring-jcl-6.1.1.jar;C:\Users\h.pichukha\.m2\repository\org\springframework\spring-test\6.1.1\spring-test-6.1.1.jar;C:\Users\h.pichukha\.m2\repository\org\xmlunit\xmlunit-core\2.9.1\xmlunit-core-2.9.1.jar;C:\Users\h.pichukha\.m2\repository\org\springframework\security\spring-security-test\6.2.0\spring-security-test-6.2.0.jar;C:\Users\h.pichukha\.m2\repository\org\springframework\security\spring-security-core\6.2.0\spring-security-core-6.2.0.jar;C:\Users\h.pichukha\.m2\repository\org\springframework\security\spring-security-crypto\6.2.0\spring-security-crypto-6.2.0.jar;"/>
    <property name="java.vm.vendor" value="Eclipse Adoptium"/>
    <property name="sun.arch.data.model" value="64"/>
    <property name="user.variant" value=""/>
    <property name="java.vendor.url" value="https://adoptium.net/"/>
    <property name="user.timezone" value="Europe/Warsaw"/>
    <property name="os.name" value="Windows 11"/>
    <property name="java.vm.specification.version" value="21"/>
    <property name="sun.java.launcher" value="SUN_STANDARD"/>
    <property name="user.country" value="US"/>
    <property name="sun.boot.library.path" value="C:\Users\h.pichukha\AppData\Local\Programs\Eclipse Adoptium\jdk-21.0.8.9-hotspot\bin"/>
    <property name="sun.java.command" value="C:\Users\h.pichukha\AppData\Local\Temp\surefire16518883670886706318\surefirebooter-20251016161204815_3.jar C:\Users\h.pichukha\AppData\Local\Temp\surefire16518883670886706318 2025-10-16T16-12-04_643-jvmRun1 surefire-20251016161204815_1tmp surefire_0-20251016161204815_2tmp"/>
    <property name="jdk.debug" value="release"/>
    <property name="surefire.test.class.path" value="C:\Users\h.pichukha\IdeaProjects\Workshop-1-ready\target\test-classes;C:\Users\h.pichukha\IdeaProjects\Workshop-1-ready\target\classes;C:\Users\h.pichukha\.m2\repository\org\springframework\boot\spring-boot-starter-web\3.2.0\spring-boot-starter-web-3.2.0.jar;C:\Users\h.pichukha\.m2\repository\org\springframework\boot\spring-boot-starter\3.2.0\spring-boot-starter-3.2.0.jar;C:\Users\h.pichukha\.m2\repository\org\springframework\boot\spring-boot-starter-logging\3.2.0\spring-boot-starter-logging-3.2.0.jar;C:\Users\h.pichukha\.m2\repository\ch\qos\logback\logback-classic\1.4.11\logback-classic-1.4.11.jar;C:\Users\h.pichukha\.m2\repository\ch\qos\logback\logback-core\1.4.11\logback-core-1.4.11.jar;C:\Users\h.pichukha\.m2\repository\org\apache\logging\log4j\log4j-to-slf4j\2.21.1\log4j-to-slf4j-2.21.1.jar;C:\Users\h.pichukha\.m2\repository\org\apache\logging\log4j\log4j-api\2.21.1\log4j-api-2.21.1.jar;C:\Users\h.pichukha\.m2\repository\org\slf4j\jul-to-slf4j\2.0.9\jul-to-slf4j-2.0.9.jar;C:\Users\h.pichukha\.m2\repository\jakarta\annotation\jakarta.annotation-api\2.1.1\jakarta.annotation-api-2.1.1.jar;C:\Users\h.pichukha\.m2\repository\org\yaml\snakeyaml\2.2\snakeyaml-2.2.jar;C:\Users\h.pichukha\.m2\repository\org\springframework\boot\spring-boot-starter-json\3.2.0\spring-boot-starter-json-3.2.0.jar;C:\Users\h.pichukha\.m2\repository\com\fasterxml\jackson\core\jackson-databind\2.15.3\jackson-databind-2.15.3.jar;C:\Users\h.pichukha\.m2\repository\com\fasterxml\jackson\core\jackson-annotations\2.15.3\jackson-annotations-2.15.3.jar;C:\Users\h.pichukha\.m2\repository\com\fasterxml\jackson\core\jackson-core\2.15.3\jackson-core-2.15.3.jar;C:\Users\h.pichukha\.m2\repository\com\fasterxml\jackson\datatype\jackson-datatype-jdk8\2.15.3\jackson-datatype-jdk8-2.15.3.jar;C:\Users\h.pichukha\.m2\repository\com\fasterxml\jackson\datatype\jackson-datatype-jsr310\2.15.3\jackson-datatype-jsr310-2.15.3.jar;C:\Users\h.pichukha\.m2\repository\com\fasterxml\jackson\module\jackson-module-parameter-names\2.15.3\jackson-module-parameter-names-2.15.3.jar;C:\Users\h.pichukha\.m2\repository\org\springframework\boot\spring-boot-starter-tomcat\3.2.0\spring-boot-starter-tomcat-3.2.0.jar;C:\Users\h.pichukha\.m2\repository\org\apache\tomcat\embed\tomcat-embed-core\10.1.16\tomcat-embed-core-10.1.16.jar;C:\Users\h.pichukha\.m2\repository\org\apache\tomcat\embed\tomcat-embed-el\10.1.16\tomcat-embed-el-10.1.16.jar;C:\Users\h.pichukha\.m2\repository\org\apache\tomcat\embed\tomcat-embed-websocket\10.1.16\tomcat-embed-websocket-10.1.16.jar;C:\Users\h.pichukha\.m2\repository\org\springframework\spring-web\6.1.1\spring-web-6.1.1.jar;C:\Users\h.pichukha\.m2\repository\org\springframework\spring-beans\6.1.1\spring-beans-6.1.1.jar;C:\Users\h.pichukha\.m2\repository\io\micrometer\micrometer-observation\1.12.0\micrometer-observation-1.12.0.jar;C:\Users\h.pichukha\.m2\repository\io\micrometer\micrometer-commons\1.12.0\micrometer-commons-1.12.0.jar;C:\Users\h.pichukha\.m2\repository\org\springframework\spring-webmvc\6.1.1\spring-webmvc-6.1.1.jar;C:\Users\h.pichukha\.m2\repository\org\springframework\spring-context\6.1.1\spring-context-6.1.1.jar;C:\Users\h.pichukha\.m2\repository\org\springframework\spring-expression\6.1.1\spring-expression-6.1.1.jar;C:\Users\h.pichukha\.m2\repository\org\springframework\boot\spring-boot-starter-security\3.2.0\spring-boot-starter-security-3.2.0.jar;C:\Users\h.pichukha\.m2\repository\org\springframework\spring-aop\6.1.1\spring-aop-6.1.1.jar;C:\Users\h.pichukha\.m2\repository\org\springframework\security\spring-security-config\6.2.0\spring-security-config-6.2.0.jar;C:\Users\h.pichukha\.m2\repository\org\springframework\security\spring-security-web\6.2.0\spring-security-web-6.2.0.jar;C:\Users\h.pichukha\.m2\repository\org\springframework\boot\spring-boot-devtools\3.2.0\spring-boot-devtools-3.2.0.jar;C:\Users\h.pichukha\.m2\repository\org\springframework\boot\spring-boot\3.2.0\spring-boot-3.2.0.jar;C:\Users\h.pichukha\.m2\repository\org\springframework\boot\spring-boot-autoconfigure\3.2.0\spring-boot-autoconfigure-3.2.0.jar;C:\Users\h.pichukha\.m2\repository\org\projectlombok\lombok\1.18.30\lombok-1.18.30.jar;C:\Users\h.pichukha\.m2\repository\org\springframework\boot\spring-boot-starter-test\3.2.0\spring-boot-starter-test-3.2.0.jar;C:\Users\h.pichukha\.m2\repository\org\springframework\boot\spring-boot-test\3.2.0\spring-boot-test-3.2.0.jar;C:\Users\h.pichukha\.m2\repository\org\springframework\boot\spring-boot-test-autoconfigure\3.2.0\spring-boot-test-autoconfigure-3.2.0.jar;C:\Users\h.pichukha\.m2\repository\com\jayway\jsonpath\json-path\2.8.0\json-path-2.8.0.jar;C:\Users\h.pichukha\.m2\repository\org\slf4j\slf4j-api\2.0.9\slf4j-api-2.0.9.jar;C:\Users\h.pichukha\.m2\repository\jakarta\xml\bind\jakarta.xml.bind-api\4.0.1\jakarta.xml.bind-api-4.0.1.jar;C:\Users\h.pichukha\.m2\repository\jakarta\activation\jakarta.activation-api\2.1.2\jakarta.activation-api-2.1.2.jar;C:\Users\h.pichukha\.m2\repository\net\minidev\json-smart\2.5.0\json-smart-2.5.0.jar;C:\Users\h.pichukha\.m2\repository\net\minidev\accessors-smart\2.5.0\accessors-smart-2.5.0.jar;C:\Users\h.pichukha\.m2\repository\org\ow2\asm\asm\9.3\asm-9.3.jar;C:\Users\h.pichukha\.m2\repository\org\assertj\assertj-core\3.24.2\assertj-core-3.24.2.jar;C:\Users\h.pichukha\.m2\repository\net\bytebuddy\byte-buddy\1.14.10\byte-buddy-1.14.10.jar;C:\Users\h.pichukha\.m2\repository\org\awaitility\awaitility\4.2.0\awaitility-4.2.0.jar;C:\Users\h.pichukha\.m2\repository\org\hamcrest\hamcrest\2.2\hamcrest-2.2.jar;C:\Users\h.pichukha\.m2\repository\org\junit\jupiter\junit-jupiter\5.10.1\junit-jupiter-5.10.1.jar;C:\Users\h.pichukha\.m2\repository\org\junit\jupiter\junit-jupiter-api\5.10.1\junit-jupiter-api-5.10.1.jar;C:\Users\h.pichukha\.m2\repository\org\opentest4j\opentest4j\1.3.0\opentest4j-1.3.0.jar;C:\Users\h.pichukha\.m2\repository\org\junit\platform\junit-platform-commons\1.10.1\junit-platform-commons-1.10.1.jar;C:\Users\h.pichukha\.m2\repository\org\apiguardian\apiguardian-api\1.1.2\apiguardian-api-1.1.2.jar;C:\Users\h.pichukha\.m2\repository\org\junit\jupiter\junit-jupiter-params\5.10.1\junit-jupiter-params-5.10.1.jar;C:\Users\h.pichukha\.m2\repository\org\junit\jupiter\junit-jupiter-engine\5.10.1\junit-jupiter-engine-5.10.1.jar;C:\Users\h.pichukha\.m2\repository\org\junit\platform\junit-platform-engine\1.10.1\junit-platform-engine-1.10.1.jar;C:\Users\h.pichukha\.m2\repository\org\mockito\mockito-core\5.7.0\mockito-core-5.7.0.jar;C:\Users\h.pichukha\.m2\repository\net\bytebuddy\byte-buddy-agent\1.14.10\byte-buddy-agent-1.14.10.jar;C:\Users\h.pichukha\.m2\repository\org\objenesis\objenesis\3.3\objenesis-3.3.jar;C:\Users\h.pichukha\.m2\repository\org\mockito\mockito-junit-jupiter\5.7.0\mockito-junit-jupiter-5.7.0.jar;C:\Users\h.pichukha\.m2\repository\org\skyscreamer\jsonassert\1.5.1\jsonassert-1.5.1.jar;C:\Users\h.pichukha\.m2\repository\com\vaadin\external\google\android-json\0.0.20131108.vaadin1\android-json-0.0.20131108.vaadin1.jar;C:\Users\h.pichukha\.m2\repository\org\springframework\spring-core\6.1.1\spring-core-6.1.1.jar;C:\Users\h.pichukha\.m2\repository\org\springframework\spring-jcl\6.1.1\spring-jcl-6.1.1.jar;C:\Users\h.pichukha\.m2\repository\org\springframework\spring-test\6.1.1\spring-test-6.1.1.jar;C:\Users\h.pichukha\.m2\repository\org\xmlunit\xmlunit-core\2.9.1\xmlunit-core-2.9.1.jar;C:\Users\h.pichukha\.m2\repository\org\springframework\security\spring-security-test\6.2.0\spring-security-test-6.2.0.jar;C:\Users\h.pichukha\.m2\repository\org\springframework\security\spring-security-core\6.2.0\spring-security-core-6.2.0.jar;C:\Users\h.pichukha\.m2\repository\org\springframework\security\spring-security-crypto\6.2.0\spring-security-crypto-6.2.0.jar;"/>
    <property name="sun.cpu.endian" value="little"/>
    <property name="user.home" value="C:\Users\h.pichukha"/>
    <property name="user.language" value="en"/>
    <property name="java.specification.vendor" value="Oracle Corporation"/>
    <property name="java.version.date" value="2025-07-15"/>
    <property name="java.home" value="C:\Users\h.pichukha\AppData\Local\Programs\Eclipse Adoptium\jdk-21.0.8.9-hotspot"/>
    <property name="file.separator" value="\"/>
    <property name="basedir" value="C:\Users\h.pichukha\IdeaProjects\Workshop-1-ready"/>
    <property name="java.vm.compressedOopsMode" value="Zero based"/>
    <property name="line.separator" value="&#10;"/>
    <property name="java.vm.specification.vendor" value="Oracle Corporation"/>
    <property name="java.specification.name" value="Java Platform API Specification"/>
    <property name="FILE_LOG_CHARSET" value="UTF-8"/>
    <property name="java.awt.headless" value="true"/>
    <property name="surefire.real.class.path" value="C:\Users\h.pichukha\AppData\Local\Temp\surefire16518883670886706318\surefirebooter-20251016161204815_3.jar"/>
    <property name="user.script" value=""/>
    <property name="sun.management.compiler" value="HotSpot 64-Bit Tiered Compilers"/>
    <property name="java.runtime.version" value="21.0.8+9-LTS"/>
    <property name="user.name" value="h.pichukha"/>
    <property name="stdout.encoding" value="Cp1251"/>
    <property name="path.separator" value=";"/>
    <property name="os.version" value="10.0"/>
    <property name="java.runtime.name" value="OpenJDK Runtime Environment"/>
    <property name="file.encoding" value="UTF-8"/>
    <property name="java.vm.name" value="OpenJDK 64-Bit Server VM"/>
    <property name="java.vendor.version" value="Temurin-21.0.8+9"/>
    <property name="localRepository" value="C:\Users\h.pichukha\.m2\repository"/>
    <property name="java.vendor.url.bug" value="https://github.com/adoptium/adoptium-support/issues"/>
    <property name="java.io.tmpdir" value="C:\Users\H2B01~1.PIC\AppData\Local\Temp\"/>
    <property name="java.version" value="21.0.8"/>
    <property name="user.dir" value="C:\Users\h.pichukha\IdeaProjects\Workshop-1-ready"/>
    <property name="os.arch" value="amd64"/>
    <property name="java.vm.specification.name" value="Java Virtual Machine Specification"/>
    <property name="PID" value="52772"/>
    <property name="sun.os.patch.level" value=""/>
    <property name="CONSOLE_LOG_CHARSET" value="UTF-8"/>
    <property name="native.encoding" value="Cp1251"/>
    <property name="java.library.path" value="C:\Users\h.pichukha\AppData\Local\Programs\Eclipse Adoptium\jdk-21.0.8.9-hotspot\bin;C:\WINDOWS\Sun\Java\bin;C:\WINDOWS\system32;C:\WINDOWS;C:\WINDOWS\system32;C:\WINDOWS;C:\WINDOWS\System32\Wbem;C:\WINDOWS\System32\WindowsPowerShell\v1.0\;C:\WINDOWS\System32\OpenSSH\;C:\Program Files\Go\bin;C:\Program Files\Docker\Docker\resources\bin;C:\Program Files (x86)\dotnet-core-uninstall\;C:\Program Files\Git\cmd;C:\Program Files\nodejs\;C:\Users\h.pichukha\AppData\Local\Programs\Eclipse Adoptium\jdk-21.0.8.9-hotspot\bin;C:\Users\h.pichukha\AppData\Local\Microsoft\WindowsApps;C:\Users\h.pichukha\go\bin;C:\Users\h.pichukha\AppData\Local\Programs\Microsoft VS Code\bin;C:\Users\h.pichukha\Maven\apache-maven-3.9.11-bin\apache-maven-3.9.11\bin;C:\Users\h.pichukha\AppData\Roaming\npm;c:\Users\h.pichukha\AppData\Roaming\Code\User\globalStorage\github.copilot-chat\debugCommand;."/>
    <property name="java.vm.info" value="mixed mode, sharing"/>
    <property name="stderr.encoding" value="Cp1251"/>
    <property name="java.vendor" value="Eclipse Adoptium"/>
    <property name="java.vm.version" value="21.0.8+9-LTS"/>
    <property name="sun.io.unicode.encoding" value="UnicodeLittle"/>
    <property name="java.class.version" value="65.0"/>
    <property name="LOGGED_APPLICATION_NAME" value="[currency-exchange] "/>
  </properties>
  <testcase name="testConvertCurrency" classname="com.example.currencyexchange.controller.ExchangeControllerIntegrationTest" time="0.039">
    <system-out><![CDATA[2025-10-16T16:12:18.685+02:00  INFO 52772 --- [currency-exchange] [           main] t.c.s.AnnotationConfigContextLoaderUtils : Could not detect default configuration classes for test class [com.example.currencyexchange.controller.ExchangeControllerIntegrationTest]: ExchangeControllerIntegrationTest does not declare any static, non-private, non-final, nested classes annotated with @Configuration.
2025-10-16T16:12:18.692+02:00  INFO 52772 --- [currency-exchange] [           main] .b.t.c.SpringBootTestContextBootstrapper : Found @SpringBootConfiguration com.example.currencyexchange.CurrencyExchangeApplication for test class com.example.currencyexchange.controller.ExchangeControllerIntegrationTest
2025-10-16T16:12:18.699+02:00  INFO 52772 --- [currency-exchange] [           main] o.s.b.d.r.RestartApplicationListener     : Restart disabled due to context in which it is running

  .   ____          _            __ _ _
 /\\ / ___'_ __ _ _(_)_ __  __ _ \ \ \ \
( ( )\___ | '_ | '_| | '_ \/ _` | \ \ \ \
 \\/  ___)| |_)| | | | | || (_| |  ) ) ) )
  '  |____| .__|_| |_|_| |_\__, | / / / /
 =========|_|==============|___/=/_/_/_/
 :: Spring Boot ::                (v3.2.0)

2025-10-16T16:12:18.840+02:00  INFO 52772 --- [currency-exchange] [           main] .e.c.c.ExchangeControllerIntegrationTest : Starting ExchangeControllerIntegrationTest using Java 21.0.8 with PID 52772 (started by h.pichukha in C:\Users\h.pichukha\IdeaProjects\Workshop-1-ready)
2025-10-16T16:12:18.841+02:00 DEBUG 52772 --- [currency-exchange] [           main] .e.c.c.ExchangeControllerIntegrationTest : Running with Spring Boot v3.2.0, Spring v6.1.1
2025-10-16T16:12:18.842+02:00  INFO 52772 --- [currency-exchange] [           main] .e.c.c.ExchangeControllerIntegrationTest : No active profile set, falling back to 1 default profile: "default"
2025-10-16T16:12:19.458+02:00  INFO 52772 --- [currency-exchange] [           main] o.s.s.web.DefaultSecurityFilterChain     : Will secure any request with [org.springframework.security.web.session.DisableEncodeUrlFilter@71c74011, org.springframework.security.web.context.request.async.WebAsyncManagerIntegrationFilter@1d884a19, org.springframework.security.web.context.SecurityContextHolderFilter@779136bf, org.springframework.security.web.header.HeaderWriterFilter@3adb4cc8, org.springframework.web.filter.CorsFilter@62d21afd, org.springframework.security.web.authentication.logout.LogoutFilter@4d24ab25, org.springframework.security.web.authentication.www.BasicAuthenticationFilter@1952ad9d, org.springframework.security.web.savedrequest.RequestCacheAwareFilter@f9ac719, org.springframework.security.web.servletapi.SecurityContextHolderAwareRequestFilter@53a3fc8b, org.springframework.security.web.authentication.AnonymousAuthenticationFilter@6ee07d7f, org.springframework.security.web.access.ExceptionTranslationFilter@1d982fbe, org.springframework.security.web.access.intercept.AuthorizationFilter@58d4fe33]
2025-10-16T16:12:19.517+02:00  INFO 52772 --- [currency-exchange] [           main] o.s.b.t.m.w.SpringBootMockServletContext : Initializing Spring TestDispatcherServlet ''
2025-10-16T16:12:19.518+02:00  INFO 52772 --- [currency-exchange] [           main] o.s.t.web.servlet.TestDispatcherServlet  : Initializing Servlet ''
2025-10-16T16:12:19.518+02:00  INFO 52772 --- [currency-exchange] [           main] o.s.t.web.servlet.TestDispatcherServlet  : Completed initialization in 0 ms
2025-10-16T16:12:19.523+02:00  INFO 52772 --- [currency-exchange] [           main] .e.c.c.ExchangeControllerIntegrationTest : Started ExchangeControllerIntegrationTest in 0.824 seconds (process running for 14.305)
]]></system-out>
  </testcase>
  <testcase name="testConvertWithUnsupportedFromCurrencyShouldReturnNotFound" classname="com.example.currencyexchange.controller.ExchangeControllerIntegrationTest" time="0.014">
    <system-out><![CDATA[2025-10-16T16:12:19.569+02:00  INFO 52772 --- [currency-exchange] [           main] o.s.b.d.r.RestartApplicationListener     : Restart disabled due to context in which it is running

  .   ____          _            __ _ _
 /\\ / ___'_ __ _ _(_)_ __  __ _ \ \ \ \
( ( )\___ | '_ | '_| | '_ \/ _` | \ \ \ \
 \\/  ___)| |_)| | | | | || (_| |  ) ) ) )
  '  |____| .__|_| |_|_| |_\__, | / / / /
 =========|_|==============|___/=/_/_/_/
 :: Spring Boot ::                (v3.2.0)

2025-10-16T16:12:19.636+02:00  INFO 52772 --- [currency-exchange] [           main] .e.c.c.ExchangeControllerIntegrationTest : Starting ExchangeControllerIntegrationTest using Java 21.0.8 with PID 52772 (started by h.pichukha in C:\Users\h.pichukha\IdeaProjects\Workshop-1-ready)
2025-10-16T16:12:19.637+02:00 DEBUG 52772 --- [currency-exchange] [           main] .e.c.c.ExchangeControllerIntegrationTest : Running with Spring Boot v3.2.0, Spring v6.1.1
2025-10-16T16:12:19.637+02:00  INFO 52772 --- [currency-exchange] [           main] .e.c.c.ExchangeControllerIntegrationTest : No active profile set, falling back to 1 default profile: "default"
2025-10-16T16:12:20.210+02:00  INFO 52772 --- [currency-exchange] [           main] o.s.s.web.DefaultSecurityFilterChain     : Will secure any request with [org.springframework.security.web.session.DisableEncodeUrlFilter@73476e2d, org.springframework.security.web.context.request.async.WebAsyncManagerIntegrationFilter@52b77d5e, org.springframework.security.web.context.SecurityContextHolderFilter@1de398c3, org.springframework.security.web.header.HeaderWriterFilter@319ea996, org.springframework.web.filter.CorsFilter@6ab6ec33, org.springframework.security.web.authentication.logout.LogoutFilter@193c810, org.springframework.security.web.authentication.www.BasicAuthenticationFilter@6c0bf8f4, org.springframework.security.web.savedrequest.RequestCacheAwareFilter@dc24732, org.springframework.security.web.servletapi.SecurityContextHolderAwareRequestFilter@44a1ae4e, org.springframework.security.web.authentication.AnonymousAuthenticationFilter@594965c9, org.springframework.security.web.access.ExceptionTranslationFilter@1a3a6216, org.springframework.security.web.access.intercept.AuthorizationFilter@57edfa89]
2025-10-16T16:12:20.287+02:00  INFO 52772 --- [currency-exchange] [           main] o.s.b.t.m.w.SpringBootMockServletContext : Initializing Spring TestDispatcherServlet ''
2025-10-16T16:12:20.287+02:00  INFO 52772 --- [currency-exchange] [           main] o.s.t.web.servlet.TestDispatcherServlet  : Initializing Servlet ''
2025-10-16T16:12:20.287+02:00  INFO 52772 --- [currency-exchange] [           main] o.s.t.web.servlet.TestDispatcherServlet  : Completed initialization in 0 ms
2025-10-16T16:12:20.295+02:00  INFO 52772 --- [currency-exchange] [           main] .e.c.c.ExchangeControllerIntegrationTest : Started ExchangeControllerIntegrationTest in 0.725 seconds (process running for 15.077)
]]></system-out>
  </testcase>
  <testcase name="testConvertZeroAmount" classname="com.example.currencyexchange.controller.ExchangeControllerIntegrationTest" time="0.018">
    <system-out><![CDATA[2025-10-16T16:12:20.318+02:00  INFO 52772 --- [currency-exchange] [           main] o.s.b.d.r.RestartApplicationListener     : Restart disabled due to context in which it is running

  .   ____          _            __ _ _
 /\\ / ___'_ __ _ _(_)_ __  __ _ \ \ \ \
( ( )\___ | '_ | '_| | '_ \/ _` | \ \ \ \
 \\/  ___)| |_)| | | | | || (_| |  ) ) ) )
  '  |____| .__|_| |_|_| |_\__, | / / / /
 =========|_|==============|___/=/_/_/_/
 :: Spring Boot ::                (v3.2.0)

2025-10-16T16:12:20.356+02:00  INFO 52772 --- [currency-exchange] [           main] .e.c.c.ExchangeControllerIntegrationTest : Starting ExchangeControllerIntegrationTest using Java 21.0.8 with PID 52772 (started by h.pichukha in C:\Users\h.pichukha\IdeaProjects\Workshop-1-ready)
2025-10-16T16:12:20.356+02:00 DEBUG 52772 --- [currency-exchange] [           main] .e.c.c.ExchangeControllerIntegrationTest : Running with Spring Boot v3.2.0, Spring v6.1.1
2025-10-16T16:12:20.356+02:00  INFO 52772 --- [currency-exchange] [           main] .e.c.c.ExchangeControllerIntegrationTest : No active profile set, falling back to 1 default profile: "default"
2025-10-16T16:12:21.034+02:00  INFO 52772 --- [currency-exchange] [           main] o.s.s.web.DefaultSecurityFilterChain     : Will secure any request with [org.springframework.security.web.session.DisableEncodeUrlFilter@4bca2a09, org.springframework.security.web.context.request.async.WebAsyncManagerIntegrationFilter@5af8ef61, org.springframework.security.web.context.SecurityContextHolderFilter@4fcb796f, org.springframework.security.web.header.HeaderWriterFilter@14c7ab73, org.springframework.web.filter.CorsFilter@5620470a, org.springframework.security.web.authentication.logout.LogoutFilter@5be8a92c, org.springframework.security.web.authentication.www.BasicAuthenticationFilter@55f54852, org.springframework.security.web.savedrequest.RequestCacheAwareFilter@1483c738, org.springframework.security.web.servletapi.SecurityContextHolderAwareRequestFilter@66c91224, org.springframework.security.web.authentication.AnonymousAuthenticationFilter@29682244, org.springframework.security.web.access.ExceptionTranslationFilter@4d87e7f3, org.springframework.security.web.access.intercept.AuthorizationFilter@7fae6f43]
2025-10-16T16:12:21.111+02:00  INFO 52772 --- [currency-exchange] [           main] o.s.b.t.m.w.SpringBootMockServletContext : Initializing Spring TestDispatcherServlet ''
2025-10-16T16:12:21.111+02:00  INFO 52772 --- [currency-exchange] [           main] o.s.t.web.servlet.TestDispatcherServlet  : Initializing Servlet ''
2025-10-16T16:12:21.112+02:00  INFO 52772 --- [currency-exchange] [           main] o.s.t.web.servlet.TestDispatcherServlet  : Completed initialization in 1 ms
2025-10-16T16:12:21.119+02:00  INFO 52772 --- [currency-exchange] [           main] .e.c.c.ExchangeControllerIntegrationTest : Started ExchangeControllerIntegrationTest in 0.802 seconds (process running for 15.902)
]]></system-out>
  </testcase>
  <testcase name="testConvertWithNegativeAmountShouldReturnBadRequest" classname="com.example.currencyexchange.controller.ExchangeControllerIntegrationTest" time="0.009">
    <system-out><![CDATA[2025-10-16T16:12:21.141+02:00  INFO 52772 --- [currency-exchange] [           main] o.s.b.d.r.RestartApplicationListener     : Restart disabled due to context in which it is running

  .   ____          _            __ _ _
 /\\ / ___'_ __ _ _(_)_ __  __ _ \ \ \ \
( ( )\___ | '_ | '_| | '_ \/ _` | \ \ \ \
 \\/  ___)| |_)| | | | | || (_| |  ) ) ) )
  '  |____| .__|_| |_|_| |_\__, | / / / /
 =========|_|==============|___/=/_/_/_/
 :: Spring Boot ::                (v3.2.0)

2025-10-16T16:12:21.167+02:00  INFO 52772 --- [currency-exchange] [           main] .e.c.c.ExchangeControllerIntegrationTest : Starting ExchangeControllerIntegrationTest using Java 21.0.8 with PID 52772 (started by h.pichukha in C:\Users\h.pichukha\IdeaProjects\Workshop-1-ready)
2025-10-16T16:12:21.168+02:00 DEBUG 52772 --- [currency-exchange] [           main] .e.c.c.ExchangeControllerIntegrationTest : Running with Spring Boot v3.2.0, Spring v6.1.1
2025-10-16T16:12:21.168+02:00  INFO 52772 --- [currency-exchange] [           main] .e.c.c.ExchangeControllerIntegrationTest : No active profile set, falling back to 1 default profile: "default"
2025-10-16T16:12:21.627+02:00  INFO 52772 --- [currency-exchange] [           main] o.s.s.web.DefaultSecurityFilterChain     : Will secure any request with [org.springframework.security.web.session.DisableEncodeUrlFilter@552b7481, org.springframework.security.web.context.request.async.WebAsyncManagerIntegrationFilter@475b796d, org.springframework.security.web.context.SecurityContextHolderFilter@65130cf2, org.springframework.security.web.header.HeaderWriterFilter@63661fc7, org.springframework.web.filter.CorsFilter@24244ea, org.springframework.security.web.authentication.logout.LogoutFilter@7ae97a58, org.springframework.security.web.authentication.www.BasicAuthenticationFilter@6421e9e7, org.springframework.security.web.savedrequest.RequestCacheAwareFilter@19412eef, org.springframework.security.web.servletapi.SecurityContextHolderAwareRequestFilter@542b27af, org.springframework.security.web.authentication.AnonymousAuthenticationFilter@69c7fb94, org.springframework.security.web.access.ExceptionTranslationFilter@50915d5, org.springframework.security.web.access.intercept.AuthorizationFilter@67544105]
2025-10-16T16:12:21.673+02:00  INFO 52772 --- [currency-exchange] [           main] o.s.b.t.m.w.SpringBootMockServletContext : Initializing Spring TestDispatcherServlet ''
2025-10-16T16:12:21.673+02:00  INFO 52772 --- [currency-exchange] [           main] o.s.t.web.servlet.TestDispatcherServlet  : Initializing Servlet ''
2025-10-16T16:12:21.674+02:00  INFO 52772 --- [currency-exchange] [           main] o.s.t.web.servlet.TestDispatcherServlet  : Completed initialization in 1 ms
2025-10-16T16:12:21.678+02:00  INFO 52772 --- [currency-exchange] [           main] .e.c.c.ExchangeControllerIntegrationTest : Started ExchangeControllerIntegrationTest in 0.536 seconds (process running for 16.46)
]]></system-out>
  </testcase>
  <testcase name="testConvertWithUnsupportedToCurrencyShouldReturnNotFound" classname="com.example.currencyexchange.controller.ExchangeControllerIntegrationTest" time="0.009">
    <system-out><![CDATA[2025-10-16T16:12:21.695+02:00  INFO 52772 --- [currency-exchange] [           main] o.s.b.d.r.RestartApplicationListener     : Restart disabled due to context in which it is running

  .   ____          _            __ _ _
 /\\ / ___'_ __ _ _(_)_ __  __ _ \ \ \ \
( ( )\___ | '_ | '_| | '_ \/ _` | \ \ \ \
 \\/  ___)| |_)| | | | | || (_| |  ) ) ) )
  '  |____| .__|_| |_|_| |_\__, | / / / /
 =========|_|==============|___/=/_/_/_/
 :: Spring Boot ::                (v3.2.0)

2025-10-16T16:12:21.717+02:00  INFO 52772 --- [currency-exchange] [           main] .e.c.c.ExchangeControllerIntegrationTest : Starting ExchangeControllerIntegrationTest using Java 21.0.8 with PID 52772 (started by h.pichukha in C:\Users\h.pichukha\IdeaProjects\Workshop-1-ready)
2025-10-16T16:12:21.717+02:00 DEBUG 52772 --- [currency-exchange] [           main] .e.c.c.ExchangeControllerIntegrationTest : Running with Spring Boot v3.2.0, Spring v6.1.1
2025-10-16T16:12:21.717+02:00  INFO 52772 --- [currency-exchange] [           main] .e.c.c.ExchangeControllerIntegrationTest : No active profile set, falling back to 1 default profile: "default"
2025-10-16T16:12:22.176+02:00  INFO 52772 --- [currency-exchange] [           main] o.s.s.web.DefaultSecurityFilterChain     : Will secure any request with [org.springframework.security.web.session.DisableEncodeUrlFilter@63b334fd, org.springframework.security.web.context.request.async.WebAsyncManagerIntegrationFilter@753248f8, org.springframework.security.web.context.SecurityContextHolderFilter@48d84d75, org.springframework.security.web.header.HeaderWriterFilter@7bb50747, org.springframework.web.filter.CorsFilter@71a509c, org.springframework.security.web.authentication.logout.LogoutFilter@4ebe6c24, org.springframework.security.web.authentication.www.BasicAuthenticationFilter@5ed1bc4f, org.springframework.security.web.savedrequest.RequestCacheAwareFilter@461c0572, org.springframework.security.web.servletapi.SecurityContextHolderAwareRequestFilter@17db90a7, org.springframework.security.web.authentication.AnonymousAuthenticationFilter@547aa7f4, org.springframework.security.web.access.ExceptionTranslationFilter@268ee31d, org.springframework.security.web.access.intercept.AuthorizationFilter@23ba2c1e]
2025-10-16T16:12:22.217+02:00  INFO 52772 --- [currency-exchange] [           main] o.s.b.t.m.w.SpringBootMockServletContext : Initializing Spring TestDispatcherServlet ''
2025-10-16T16:12:22.218+02:00  INFO 52772 --- [currency-exchange] [           main] o.s.t.web.servlet.TestDispatcherServlet  : Initializing Servlet ''
2025-10-16T16:12:22.218+02:00  INFO 52772 --- [currency-exchange] [           main] o.s.t.web.servlet.TestDispatcherServlet  : Completed initialization in 0 ms
2025-10-16T16:12:22.224+02:00  INFO 52772 --- [currency-exchange] [           main] .e.c.c.ExchangeControllerIntegrationTest : Started ExchangeControllerIntegrationTest in 0.529 seconds (process running for 17.006)
]]></system-out>
  </testcase>
</testsuite>