<?xml version="1.0" encoding="UTF-8"?>
<testsuite xmlns:xsi="http://www.w3.org/2001/XMLSchema-instance" xsi:noNamespaceSchemaLocation="https://maven.apache.org/surefire/maven-surefire-plugin/xsd/surefire-test-report-3.0.xsd" version="3.0" name="com.example.currencyexchange.controller.CurrencyControllerIntegrationTest" time="12.607" tests="6" errors="0" skipped="0" failures="0">
  <properties>
    <property name="java.specification.version" value="21"/>
    <property name="sun.cpu.isalist" value="amd64"/>
    <property name="sun.jnu.encoding" value="Cp1251"/>
    <property name="java.class.path" value="C:\Users\h.pichukha\IdeaProjects\Workshop-1-ready\target\test-classes;C:\Users\h.pichukha\IdeaProjects\Workshop-1-ready\target\classes;C:\Users\h.pichukha\.m2\repository\org\springframework\boot\spring-boot-starter-web\3.2.0\spring-boot-starter-web-3.2.0.jar;C:\Users\h.pichukha\.m2\repository\org\springframework\boot\spring-boot-starter\3.2.0\spring-boot-starter-3.2.0.jar;C:\Users\h.pichukha\.m2\repository\org\springframework\boot\spring-boot-starter-logging\3.2.0\spring-boot-starter-logging-3.2.0.jar;C:\Users\h.pichukha\.m2\repository\ch\qos\logback\logback-classic\1.4.11\logback-classic-1.4.11.jar;C:\Users\h.pichukha\.m2\repository\ch\qos\logback\logback-core\1.4.11\logback-core-1.4.11.jar;C:\Users\h.pichukha\.m2\repository\org\apache\logging\log4j\log4j-to-slf4j\2.21.1\log4j-to-slf4j-2.21.1.jar;C:\Users\h.pichukha\.m2\repository\org\apache\logging\log4j\log4j-api\2.21.1\log4j-api-2.21.1.jar;C:\Users\h.pichukha\.m2\repository\org\slf4j\jul-to-slf4j\2.0.9\jul-to-slf4j-2.0.9.jar;C:\Users\h.pichukha\.m2\repository\jakarta\annotation\jakarta.annotation-api\2.1.1\jakarta.annotation-api-2.1.1.jar;C:\Users\h.pichukha\.m2\repository\org\yaml\snakeyaml\2.2\snakeyaml-2.2.jar;C:\Users\h.pichukha\.m2\repository\org\springframework\boot\spring-boot-starter-json\3.2.0\spring-boot-starter-json-3.2.0.jar;C:\Users\h.pichukha\.m2\repository\com\fasterxml\jackson\core\jackson-databind\2.15.3\jackson-databind-2.15.3.jar;C:\Users\h.pichukha\.m2\repository\com\fasterxml\jackson\core\jackson-annotations\2.15.3\jackson-annotations-2.15.3.jar;C:\Users\h.pichukha\.m2\repository\com\fasterxml\jackson\core\jackson-core\2.15.3\jackson-core-2.15.3.jar;C:\Users\h.pichukha\.m2\repository\com\fasterxml\jackson\datatype\jackson-datatype-jdk8\2.15.3\jackson-datatype-jdk8-2.15.3.jar;C:\Users\h.pichukha\.m2\repository\com\fasterxml\jackson\datatype\jackson-datatype-jsr310\2.15.3\jackson-datatype-jsr310-2.15.3.jar;C:\Users\h.pichukha\.m2\repository\com\fasterxml\jackson\module\jackson-module-parameter-names\2.15.3\jackson-module-parameter-names-2.15.3.jar;C:\Users\h.pichukha\.m2\repository\org\springframework\boot\spring-boot-starter-tomcat\3.2.0\spring-boot-starter-tomcat-3.2.0.jar;C:\Users\h.pichukha\.m2\repository\org\apache\tomcat\embed\tomcat-embed-core\10.1.16\tomcat-embed-core-10.1.16.jar;C:\Users\h.pichukha\.m2\repository\org\apache\tomcat\embed\tomcat-embed-el\10.1.16\tomcat-embed-el-10.1.16.jar;C:\Users\h.pichukha\.m2\repository\org\apache\tomcat\embed\tomcat-embed-websocket\10.1.16\tomcat-embed-websocket-10.1.16.jar;C:\Users\h.pichukha\.m2\repository\org\springframework\spring-web\6.1.1\spring-web-6.1.1.jar;C:\Users\h.pichukha\.m2\repository\org\springframework\spring-beans\6.1.1\spring-beans-6.1.1.jar;C:\Users\h.pichukha\.m2\repository\io\micrometer\micrometer-observation\1.12.0\micrometer-observation-1.12.0.jar;C:\Users\h.pichukha\.m2\repository\io\micrometer\micrometer-commons\1.12.0\micrometer-commons-1.12.0.jar;C:\Users\h.pichukha\.m2\repository\org\springframework\spring-webmvc\6.1.1\spring-webmvc-6.1.1.jar;C:\Users\h.pichukha\.m2\repository\org\springframework\spring-context\6.1.1\spring-context-6.1.1.jar;C:\Users\h.pichukha\.m2\repository\org\springframework\spring-expression\6.1.1\spring-expression-6.1.1.jar;C:\Users\h.pichukha\.m2\repository\org\springframework\boot\spring-boot-starter-security\3.2.0\spring-boot-starter-security-3.2.0.jar;C:\Users\h.pichukha\.m2\repository\org\springframework\spring-aop\6.1.1\spring-aop-6.1.1.jar;C:\Users\h.pichukha\.m2\repository\org\springframework\security\spring-security-config\6.2.0\spring-security-config-6.2.0.jar;C:\Users\h.pichukha\.m2\repository\org\springframework\security\spring-security-web\6.2.0\spring-security-web-6.2.0.jar;C:\Users\h.pichukha\.m2\repository\org\springframework\boot\spring-boot-devtools\3.2.0\spring-boot-devtools-3.2.0.jar;C:\Users\h.pichukha\.m2\repository\org\springframework\boot\spring-boot\3.2.0\spring-boot-3.2.0.jar;C:\Users\h.pichukha\.m2\repository\org\springframework\boot\spring-boot-autoconfigure\3.2.0\spring-boot-autoconfigure-3.2.0.jar;C:\Users\h.pichukha\.m2\repository\org\projectlombok\lombok\1.18.30\lombok-1.18.30.jar;C:\Users\h.pichukha\.m2\repository\org\springframework\boot\spring-boot-starter-test\3.2.0\spring-boot-starter-test-3.2.0.jar;C:\Users\h.pichukha\.m2\repository\org\springframework\boot\spring-boot-test\3.2.0\spring-boot-test-3.2.0.jar;C:\Users\h.pichukha\.m2\repository\org\springframework\boot\spring-boot-test-autoconfigure\3.2.0\spring-boot-test-autoconfigure-3.2.0.jar;C:\Users\h.pichukha\.m2\repository\com\jayway\jsonpath\json-path\2.8.0\json-path-2.8.0.jar;C:\Users\h.pichukha\.m2\repository\org\slf4j\slf4j-api\2.0.9\slf4j-api-2.0.9.jar;C:\Users\h.pichukha\.m2\repository\jakarta\xml\bind\jakarta.xml.bind-api\4.0.1\jakarta.xml.bind-api-4.0.1.jar;C:\Users\h.pichukha\.m2\repository\jakarta\activation\jakarta.activation-api\2.1.2\jakarta.activation-api-2.1.2.jar;C:\Users\h.pichukha\.m2\repository\net\minidev\json-smart\2.5.0\json-smart-2.5.0.jar;C:\Users\h.pichukha\.m2\repository\net\minidev\accessors-smart\2.5.0\accessors-smart-2.5.0.jar;C:\Users\h.pichukha\.m2\repository\org\ow2\asm\asm\9.3\asm-9.3.jar;C:\Users\h.pichukha\.m2\repository\org\assertj\assertj-core\3.24.2\assertj-core-3.24.2.jar;C:\Users\h.pichukha\.m2\repository\net\bytebuddy\byte-buddy\1.14.10\byte-buddy-1.14.10.jar;C:\Users\h.pichukha\.m2\repository\org\awaitility\awaitility\4.2.0\awaitility-4.2.0.jar;C:\Users\h.pichukha\.m2\repository\org\hamcrest\hamcrest\2.2\hamcrest-2.2.jar;C:\Users\h.pichukha\.m2\repository\org\junit\jupiter\junit-jupiter\5.10.1\junit-jupiter-5.10.1.jar;C:\Users\h.pichukha\.m2\repository\org\junit\jupiter\junit-jupiter-api\5.10.1\junit-jupiter-api-5.10.1.jar;C:\Users\h.pichukha\.m2\repository\org\opentest4j\opentest4j\1.3.0\opentest4j-1.3.0.jar;C:\Users\h.pichukha\.m2\repository\org\junit\platform\junit-platform-commons\1.10.1\junit-platform-commons-1.10.1.jar;C:\Users\h.pichukha\.m2\repository\org\apiguardian\apiguardian-api\1.1.2\apiguardian-api-1.1.2.jar;C:\Users\h.pichukha\.m2\repository\org\junit\jupiter\junit-jupiter-params\5.10.1\junit-jupiter-params-5.10.1.jar;C:\Users\h.pichukha\.m2\repository\org\junit\jupiter\junit-jupiter-engine\5.10.1\junit-jupiter-engine-5.10.1.jar;C:\Users\h.pichukha\.m2\repository\org\junit\platform\junit-platform-engine\1.10.1\junit-platform-engine-1.10.1.jar;C:\Users\h.pichukha\.m2\repository\org\mockito\mockito-core\5.7.0\mockito-core-5.7.0.jar;C:\Users\h.pichukha\.m2\repository\net\bytebuddy\byte-buddy-agent\1.14.10\byte-buddy-agent-1.14.10.jar;C:\Users\h.pichukha\.m2\repository\org\objenesis\objenesis\3.3\objenesis-3.3.jar;C:\Users\h.pichukha\.m2\repository\org\mockito\mockito-junit-jupiter\5.7.0\mockito-junit-jupiter-5.7.0.jar;C:\Users\h.pichukha\.m2\repository\org\skyscreamer\jsonassert\1.5.1\jsonassert-1.5.1.jar;C:\Users\h.pichukha\.m2\repository\com\vaadin\external\google\android-json\0.0.20131108.vaadin1\android-json-0.0.20131108.vaadin1.jar;C:\Users\h.pichukha\.m2\repository\org\springframework\spring-core\6.1.1\spring-core-6.1.1.jar;C:\Users\h.pichukha\.m2\repository\org\springframework\spring-jcl\6.1.1\spring-jcl-6.1.1.jar;C:\Users\h.pichukha\.m2\repository\org\springframework\spring-test\6.1.1\spring-test-6.1.1.jar;C:\Users\h.pichukha\.m2\repository\org\xmlunit\xmlunit-core\2.9.1\xmlunit-core-2.9.1.jar;C:\Users\h.pichukha\.m2\repository\org\springframework\security\spring-security-test\6.2.0\spring-security-test-6.2.0.jar;C:\Users\h.pichukha\.m2\repository\org\springframework\security\spring-security-core\6.2.0\spring-security-core-6.2.0.jar;C:\Users\h.pichukha\.m2\repository\org\springframework\security\spring-security-crypto\6.2.0\spring-security-crypto-6.2.0.jar;"/>
    <property name="java.vm.vendor" value="Eclipse Adoptium"/>
    <property name="sun.arch.data.model" value="64"/>
    <property name="user.variant" value=""/>
    <property name="java.vendor.url" value="https://adoptium.net/"/>
    <property name="user.timezone" value="Europe/Warsaw"/>
    <property name="os.name" value="Windows 11"/>
    <property name="java.vm.specification.version" value="21"/>
    <property name="sun.java.launcher" value="SUN_STANDARD"/>
    <property name="user.country" value="US"/>
    <property name="sun.boot.library.path" value="C:\Users\h.pichukha\AppData\Local\Programs\Eclipse Adoptium\jdk-21.0.8.9-hotspot\bin"/>
    <property name="sun.java.command" value="C:\Users\h.pichukha\AppData\Local\Temp\surefire16518883670886706318\surefirebooter-20251016161204815_3.jar C:\Users\h.pichukha\AppData\Local\Temp\surefire16518883670886706318 2025-10-16T16-12-04_643-jvmRun1 surefire-20251016161204815_1tmp surefire_0-20251016161204815_2tmp"/>
    <property name="jdk.debug" value="release"/>
    <property name="surefire.test.class.path" value="C:\Users\h.pichukha\IdeaProjects\Workshop-1-ready\target\test-classes;C:\Users\h.pichukha\IdeaProjects\Workshop-1-ready\target\classes;C:\Users\h.pichukha\.m2\repository\org\springframework\boot\spring-boot-starter-web\3.2.0\spring-boot-starter-web-3.2.0.jar;C:\Users\h.pichukha\.m2\repository\org\springframework\boot\spring-boot-starter\3.2.0\spring-boot-starter-3.2.0.jar;C:\Users\h.pichukha\.m2\repository\org\springframework\boot\spring-boot-starter-logging\3.2.0\spring-boot-starter-logging-3.2.0.jar;C:\Users\h.pichukha\.m2\repository\ch\qos\logback\logback-classic\1.4.11\logback-classic-1.4.11.jar;C:\Users\h.pichukha\.m2\repository\ch\qos\logback\logback-core\1.4.11\logback-core-1.4.11.jar;C:\Users\h.pichukha\.m2\repository\org\apache\logging\log4j\log4j-to-slf4j\2.21.1\log4j-to-slf4j-2.21.1.jar;C:\Users\h.pichukha\.m2\repository\org\apache\logging\log4j\log4j-api\2.21.1\log4j-api-2.21.1.jar;C:\Users\h.pichukha\.m2\repository\org\slf4j\jul-to-slf4j\2.0.9\jul-to-slf4j-2.0.9.jar;C:\Users\h.pichukha\.m2\repository\jakarta\annotation\jakarta.annotation-api\2.1.1\jakarta.annotation-api-2.1.1.jar;C:\Users\h.pichukha\.m2\repository\org\yaml\snakeyaml\2.2\snakeyaml-2.2.jar;C:\Users\h.pichukha\.m2\repository\org\springframework\boot\spring-boot-starter-json\3.2.0\spring-boot-starter-json-3.2.0.jar;C:\Users\h.pichukha\.m2\repository\com\fasterxml\jackson\core\jackson-databind\2.15.3\jackson-databind-2.15.3.jar;C:\Users\h.pichukha\.m2\repository\com\fasterxml\jackson\core\jackson-annotations\2.15.3\jackson-annotations-2.15.3.jar;C:\Users\h.pichukha\.m2\repository\com\fasterxml\jackson\core\jackson-core\2.15.3\jackson-core-2.15.3.jar;C:\Users\h.pichukha\.m2\repository\com\fasterxml\jackson\datatype\jackson-datatype-jdk8\2.15.3\jackson-datatype-jdk8-2.15.3.jar;C:\Users\h.pichukha\.m2\repository\com\fasterxml\jackson\datatype\jackson-datatype-jsr310\2.15.3\jackson-datatype-jsr310-2.15.3.jar;C:\Users\h.pichukha\.m2\repository\com\fasterxml\jackson\module\jackson-module-parameter-names\2.15.3\jackson-module-parameter-names-2.15.3.jar;C:\Users\h.pichukha\.m2\repository\org\springframework\boot\spring-boot-starter-tomcat\3.2.0\spring-boot-starter-tomcat-3.2.0.jar;C:\Users\h.pichukha\.m2\repository\org\apache\tomcat\embed\tomcat-embed-core\10.1.16\tomcat-embed-core-10.1.16.jar;C:\Users\h.pichukha\.m2\repository\org\apache\tomcat\embed\tomcat-embed-el\10.1.16\tomcat-embed-el-10.1.16.jar;C:\Users\h.pichukha\.m2\repository\org\apache\tomcat\embed\tomcat-embed-websocket\10.1.16\tomcat-embed-websocket-10.1.16.jar;C:\Users\h.pichukha\.m2\repository\org\springframework\spring-web\6.1.1\spring-web-6.1.1.jar;C:\Users\h.pichukha\.m2\repository\org\springframework\spring-beans\6.1.1\spring-beans-6.1.1.jar;C:\Users\h.pichukha\.m2\repository\io\micrometer\micrometer-observation\1.12.0\micrometer-observation-1.12.0.jar;C:\Users\h.pichukha\.m2\repository\io\micrometer\micrometer-commons\1.12.0\micrometer-commons-1.12.0.jar;C:\Users\h.pichukha\.m2\repository\org\springframework\spring-webmvc\6.1.1\spring-webmvc-6.1.1.jar;C:\Users\h.pichukha\.m2\repository\org\springframework\spring-context\6.1.1\spring-context-6.1.1.jar;C:\Users\h.pichukha\.m2\repository\org\springframework\spring-expression\6.1.1\spring-expression-6.1.1.jar;C:\Users\h.pichukha\.m2\repository\org\springframework\boot\spring-boot-starter-security\3.2.0\spring-boot-starter-security-3.2.0.jar;C:\Users\h.pichukha\.m2\repository\org\springframework\spring-aop\6.1.1\spring-aop-6.1.1.jar;C:\Users\h.pichukha\.m2\repository\org\springframework\security\spring-security-config\6.2.0\spring-security-config-6.2.0.jar;C:\Users\h.pichukha\.m2\repository\org\springframework\security\spring-security-web\6.2.0\spring-security-web-6.2.0.jar;C:\Users\h.pichukha\.m2\repository\org\springframework\boot\spring-boot-devtools\3.2.0\spring-boot-devtools-3.2.0.jar;C:\Users\h.pichukha\.m2\repository\org\springframework\boot\spring-boot\3.2.0\spring-boot-3.2.0.jar;C:\Users\h.pichukha\.m2\repository\org\springframework\boot\spring-boot-autoconfigure\3.2.0\spring-boot-autoconfigure-3.2.0.jar;C:\Users\h.pichukha\.m2\repository\org\projectlombok\lombok\1.18.30\lombok-1.18.30.jar;C:\Users\h.pichukha\.m2\repository\org\springframework\boot\spring-boot-starter-test\3.2.0\spring-boot-starter-test-3.2.0.jar;C:\Users\h.pichukha\.m2\repository\org\springframework\boot\spring-boot-test\3.2.0\spring-boot-test-3.2.0.jar;C:\Users\h.pichukha\.m2\repository\org\springframework\boot\spring-boot-test-autoconfigure\3.2.0\spring-boot-test-autoconfigure-3.2.0.jar;C:\Users\h.pichukha\.m2\repository\com\jayway\jsonpath\json-path\2.8.0\json-path-2.8.0.jar;C:\Users\h.pichukha\.m2\repository\org\slf4j\slf4j-api\2.0.9\slf4j-api-2.0.9.jar;C:\Users\h.pichukha\.m2\repository\jakarta\xml\bind\jakarta.xml.bind-api\4.0.1\jakarta.xml.bind-api-4.0.1.jar;C:\Users\h.pichukha\.m2\repository\jakarta\activation\jakarta.activation-api\2.1.2\jakarta.activation-api-2.1.2.jar;C:\Users\h.pichukha\.m2\repository\net\minidev\json-smart\2.5.0\json-smart-2.5.0.jar;C:\Users\h.pichukha\.m2\repository\net\minidev\accessors-smart\2.5.0\accessors-smart-2.5.0.jar;C:\Users\h.pichukha\.m2\repository\org\ow2\asm\asm\9.3\asm-9.3.jar;C:\Users\h.pichukha\.m2\repository\org\assertj\assertj-core\3.24.2\assertj-core-3.24.2.jar;C:\Users\h.pichukha\.m2\repository\net\bytebuddy\byte-buddy\1.14.10\byte-buddy-1.14.10.jar;C:\Users\h.pichukha\.m2\repository\org\awaitility\awaitility\4.2.0\awaitility-4.2.0.jar;C:\Users\h.pichukha\.m2\repository\org\hamcrest\hamcrest\2.2\hamcrest-2.2.jar;C:\Users\h.pichukha\.m2\repository\org\junit\jupiter\junit-jupiter\5.10.1\junit-jupiter-5.10.1.jar;C:\Users\h.pichukha\.m2\repository\org\junit\jupiter\junit-jupiter-api\5.10.1\junit-jupiter-api-5.10.1.jar;C:\Users\h.pichukha\.m2\repository\org\opentest4j\opentest4j\1.3.0\opentest4j-1.3.0.jar;C:\Users\h.pichukha\.m2\repository\org\junit\platform\junit-platform-commons\1.10.1\junit-platform-commons-1.10.1.jar;C:\Users\h.pichukha\.m2\repository\org\apiguardian\apiguardian-api\1.1.2\apiguardian-api-1.1.2.jar;C:\Users\h.pichukha\.m2\repository\org\junit\jupiter\junit-jupiter-params\5.10.1\junit-jupiter-params-5.10.1.jar;C:\Users\h.pichukha\.m2\repository\org\junit\jupiter\junit-jupiter-engine\5.10.1\junit-jupiter-engine-5.10.1.jar;C:\Users\h.pichukha\.m2\repository\org\junit\platform\junit-platform-engine\1.10.1\junit-platform-engine-1.10.1.jar;C:\Users\h.pichukha\.m2\repository\org\mockito\mockito-core\5.7.0\mockito-core-5.7.0.jar;C:\Users\h.pichukha\.m2\repository\net\bytebuddy\byte-buddy-agent\1.14.10\byte-buddy-agent-1.14.10.jar;C:\Users\h.pichukha\.m2\repository\org\objenesis\objenesis\3.3\objenesis-3.3.jar;C:\Users\h.pichukha\.m2\repository\org\mockito\mockito-junit-jupiter\5.7.0\mockito-junit-jupiter-5.7.0.jar;C:\Users\h.pichukha\.m2\repository\org\skyscreamer\jsonassert\1.5.1\jsonassert-1.5.1.jar;C:\Users\h.pichukha\.m2\repository\com\vaadin\external\google\android-json\0.0.20131108.vaadin1\android-json-0.0.20131108.vaadin1.jar;C:\Users\h.pichukha\.m2\repository\org\springframework\spring-core\6.1.1\spring-core-6.1.1.jar;C:\Users\h.pichukha\.m2\repository\org\springframework\spring-jcl\6.1.1\spring-jcl-6.1.1.jar;C:\Users\h.pichukha\.m2\repository\org\springframework\spring-test\6.1.1\spring-test-6.1.1.jar;C:\Users\h.pichukha\.m2\repository\org\xmlunit\xmlunit-core\2.9.1\xmlunit-core-2.9.1.jar;C:\Users\h.pichukha\.m2\repository\org\springframework\security\spring-security-test\6.2.0\spring-security-test-6.2.0.jar;C:\Users\h.pichukha\.m2\repository\org\springframework\security\spring-security-core\6.2.0\spring-security-core-6.2.0.jar;C:\Users\h.pichukha\.m2\repository\org\springframework\security\spring-security-crypto\6.2.0\spring-security-crypto-6.2.0.jar;"/>
    <property name="sun.cpu.endian" value="little"/>
    <property name="user.home" value="C:\Users\h.pichukha"/>
    <property name="user.language" value="en"/>
    <property name="java.specification.vendor" value="Oracle Corporation"/>
    <property name="java.version.date" value="2025-07-15"/>
    <property name="java.home" value="C:\Users\h.pichukha\AppData\Local\Programs\Eclipse Adoptium\jdk-21.0.8.9-hotspot"/>
    <property name="file.separator" value="\"/>
    <property name="basedir" value="C:\Users\h.pichukha\IdeaProjects\Workshop-1-ready"/>
    <property name="java.vm.compressedOopsMode" value="Zero based"/>
    <property name="line.separator" value="&#10;"/>
    <property name="java.vm.specification.vendor" value="Oracle Corporation"/>
    <property name="java.specification.name" value="Java Platform API Specification"/>
    <property name="FILE_LOG_CHARSET" value="UTF-8"/>
    <property name="java.awt.headless" value="true"/>
    <property name="surefire.real.class.path" value="C:\Users\h.pichukha\AppData\Local\Temp\surefire16518883670886706318\surefirebooter-20251016161204815_3.jar"/>
    <property name="user.script" value=""/>
    <property name="sun.management.compiler" value="HotSpot 64-Bit Tiered Compilers"/>
    <property name="java.runtime.version" value="21.0.8+9-LTS"/>
    <property name="user.name" value="h.pichukha"/>
    <property name="stdout.encoding" value="Cp1251"/>
    <property name="path.separator" value=";"/>
    <property name="os.version" value="10.0"/>
    <property name="java.runtime.name" value="OpenJDK Runtime Environment"/>
    <property name="file.encoding" value="UTF-8"/>
    <property name="java.vm.name" value="OpenJDK 64-Bit Server VM"/>
    <property name="java.vendor.version" value="Temurin-21.0.8+9"/>
    <property name="localRepository" value="C:\Users\h.pichukha\.m2\repository"/>
    <property name="java.vendor.url.bug" value="https://github.com/adoptium/adoptium-support/issues"/>
    <property name="java.io.tmpdir" value="C:\Users\H2B01~1.PIC\AppData\Local\Temp\"/>
    <property name="java.version" value="21.0.8"/>
    <property name="user.dir" value="C:\Users\h.pichukha\IdeaProjects\Workshop-1-ready"/>
    <property name="os.arch" value="amd64"/>
    <property name="java.vm.specification.name" value="Java Virtual Machine Specification"/>
    <property name="PID" value="52772"/>
    <property name="sun.os.patch.level" value=""/>
    <property name="CONSOLE_LOG_CHARSET" value="UTF-8"/>
    <property name="native.encoding" value="Cp1251"/>
    <property name="java.library.path" value="C:\Users\h.pichukha\AppData\Local\Programs\Eclipse Adoptium\jdk-21.0.8.9-hotspot\bin;C:\WINDOWS\Sun\Java\bin;C:\WINDOWS\system32;C:\WINDOWS;C:\WINDOWS\system32;C:\WINDOWS;C:\WINDOWS\System32\Wbem;C:\WINDOWS\System32\WindowsPowerShell\v1.0\;C:\WINDOWS\System32\OpenSSH\;C:\Program Files\Go\bin;C:\Program Files\Docker\Docker\resources\bin;C:\Program Files (x86)\dotnet-core-uninstall\;C:\Program Files\Git\cmd;C:\Program Files\nodejs\;C:\Users\h.pichukha\AppData\Local\Programs\Eclipse Adoptium\jdk-21.0.8.9-hotspot\bin;C:\Users\h.pichukha\AppData\Local\Microsoft\WindowsApps;C:\Users\h.pichukha\go\bin;C:\Users\h.pichukha\AppData\Local\Programs\Microsoft VS Code\bin;C:\Users\h.pichukha\Maven\apache-maven-3.9.11-bin\apache-maven-3.9.11\bin;C:\Users\h.pichukha\AppData\Roaming\npm;c:\Users\h.pichukha\AppData\Roaming\Code\User\globalStorage\github.copilot-chat\debugCommand;."/>
    <property name="java.vm.info" value="mixed mode, sharing"/>
    <property name="stderr.encoding" value="Cp1251"/>
    <property name="java.vendor" value="Eclipse Adoptium"/>
    <property name="java.vm.version" value="21.0.8+9-LTS"/>
    <property name="sun.io.unicode.encoding" value="UnicodeLittle"/>
    <property name="java.class.version" value="65.0"/>
    <property name="LOGGED_APPLICATION_NAME" value="[currency-exchange] "/>
  </properties>
  <testcase name="testAddEmptyCurrencyShouldReturnBadRequest" classname="com.example.currencyexchange.controller.CurrencyControllerIntegrationTest" time="3.051">
    <system-out><![CDATA[16:12:06.427 [main] INFO org.springframework.test.context.support.AnnotationConfigContextLoaderUtils -- Could not detect default configuration classes for test class [com.example.currencyexchange.controller.CurrencyControllerIntegrationTest]: CurrencyControllerIntegrationTest does not declare any static, non-private, non-final, nested classes annotated with @Configuration.
16:12:06.677 [main] INFO org.springframework.boot.test.context.SpringBootTestContextBootstrapper -- Found @SpringBootConfiguration com.example.currencyexchange.CurrencyExchangeApplication for test class com.example.currencyexchange.controller.CurrencyControllerIntegrationTest
16:12:06.944 [main] INFO org.springframework.boot.devtools.restart.RestartApplicationListener -- Restart disabled due to context in which it is running

  .   ____          _            __ _ _
 /\\ / ___'_ __ _ _(_)_ __  __ _ \ \ \ \
( ( )\___ | '_ | '_| | '_ \/ _` | \ \ \ \
 \\/  ___)| |_)| | | | | || (_| |  ) ) ) )
  '  |____| .__|_| |_|_| |_\__, | / / / /
 =========|_|==============|___/=/_/_/_/
 :: Spring Boot ::                (v3.2.0)

2025-10-16T16:12:07.363+02:00  INFO 52772 --- [currency-exchange] [           main] .e.c.c.CurrencyControllerIntegrationTest : Starting CurrencyControllerIntegrationTest using Java 21.0.8 with PID 52772 (started by h.pichukha in C:\Users\h.pichukha\IdeaProjects\Workshop-1-ready)
2025-10-16T16:12:07.363+02:00 DEBUG 52772 --- [currency-exchange] [           main] .e.c.c.CurrencyControllerIntegrationTest : Running with Spring Boot v3.2.0, Spring v6.1.1
2025-10-16T16:12:07.364+02:00  INFO 52772 --- [currency-exchange] [           main] .e.c.c.CurrencyControllerIntegrationTest : No active profile set, falling back to 1 default profile: "default"
2025-10-16T16:12:09.888+02:00  INFO 52772 --- [currency-exchange] [           main] o.s.s.web.DefaultSecurityFilterChain     : Will secure any request with [org.springframework.security.web.session.DisableEncodeUrlFilter@27e2287c, org.springframework.security.web.context.request.async.WebAsyncManagerIntegrationFilter@16132f21, org.springframework.security.web.context.SecurityContextHolderFilter@2e43c38d, org.springframework.security.web.header.HeaderWriterFilter@9f86dc3, org.springframework.web.filter.CorsFilter@2cd388f5, org.springframework.security.web.authentication.logout.LogoutFilter@1cf336fd, org.springframework.security.web.authentication.www.BasicAuthenticationFilter@6f5bd362, org.springframework.security.web.savedrequest.RequestCacheAwareFilter@2e62ead7, org.springframework.security.web.servletapi.SecurityContextHolderAwareRequestFilter@3b98b809, org.springframework.security.web.authentication.AnonymousAuthenticationFilter@4640195a, org.springframework.security.web.access.ExceptionTranslationFilter@2fbe26da, org.springframework.security.web.access.intercept.AuthorizationFilter@67d32a54]
2025-10-16T16:12:10.392+02:00  INFO 52772 --- [currency-exchange] [           main] o.s.b.t.m.w.SpringBootMockServletContext : Initializing Spring TestDispatcherServlet ''
2025-10-16T16:12:10.394+02:00  INFO 52772 --- [currency-exchange] [           main] o.s.t.web.servlet.TestDispatcherServlet  : Initializing Servlet ''
2025-10-16T16:12:10.396+02:00  INFO 52772 --- [currency-exchange] [           main] o.s.t.web.servlet.TestDispatcherServlet  : Completed initialization in 2 ms
2025-10-16T16:12:10.448+02:00  INFO 52772 --- [currency-exchange] [           main] .e.c.c.CurrencyControllerIntegrationTest : Started CurrencyControllerIntegrationTest in 3.524 seconds (process running for 5.23)
]]></system-out>
    <system-err><![CDATA[WARNING: A Java agent has been loaded dynamically (C:\Users\h.pichukha\.m2\repository\net\bytebuddy\byte-buddy-agent\1.14.10\byte-buddy-agent-1.14.10.jar)
WARNING: If a serviceability tool is in use, please run with -XX:+EnableDynamicAgentLoading to hide this warning
WARNING: If a serviceability tool is not in use, please run with -Djdk.instrument.traceUsage for more information
WARNING: Dynamic loading of agents will be disallowed by default in a future release
]]></system-err>
  </testcase>
  <testcase name="testGetCurrenciesAfterAddingCurrencies" classname="com.example.currencyexchange.controller.CurrencyControllerIntegrationTest" time="0.063">
    <system-out><![CDATA[2025-10-16T16:12:13.561+02:00  INFO 52772 --- [currency-exchange] [           main] o.s.b.d.r.RestartApplicationListener     : Restart disabled due to context in which it is running

  .   ____          _            __ _ _
 /\\ / ___'_ __ _ _(_)_ __  __ _ \ \ \ \
( ( )\___ | '_ | '_| | '_ \/ _` | \ \ \ \
 \\/  ___)| |_)| | | | | || (_| |  ) ) ) )
  '  |____| .__|_| |_|_| |_\__, | / / / /
 =========|_|==============|___/=/_/_/_/
 :: Spring Boot ::                (v3.2.0)

2025-10-16T16:12:13.644+02:00  INFO 52772 --- [currency-exchange] [           main] .e.c.c.CurrencyControllerIntegrationTest : Starting CurrencyControllerIntegrationTest using Java 21.0.8 with PID 52772 (started by h.pichukha in C:\Users\h.pichukha\IdeaProjects\Workshop-1-ready)
2025-10-16T16:12:13.644+02:00 DEBUG 52772 --- [currency-exchange] [           main] .e.c.c.CurrencyControllerIntegrationTest : Running with Spring Boot v3.2.0, Spring v6.1.1
2025-10-16T16:12:13.645+02:00  INFO 52772 --- [currency-exchange] [           main] .e.c.c.CurrencyControllerIntegrationTest : No active profile set, falling back to 1 default profile: "default"
2025-10-16T16:12:14.764+02:00  INFO 52772 --- [currency-exchange] [           main] o.s.s.web.DefaultSecurityFilterChain     : Will secure any request with [org.springframework.security.web.session.DisableEncodeUrlFilter@f2becb2, org.springframework.security.web.context.request.async.WebAsyncManagerIntegrationFilter@7482309c, org.springframework.security.web.context.SecurityContextHolderFilter@c1a74d, org.springframework.security.web.header.HeaderWriterFilter@47eae91d, org.springframework.web.filter.CorsFilter@f42336c, org.springframework.security.web.authentication.logout.LogoutFilter@413eaf5d, org.springframework.security.web.authentication.www.BasicAuthenticationFilter@3bdbf8d3, org.springframework.security.web.savedrequest.RequestCacheAwareFilter@472719df, org.springframework.security.web.servletapi.SecurityContextHolderAwareRequestFilter@5cfa2ac5, org.springframework.security.web.authentication.AnonymousAuthenticationFilter@6b3b4f37, org.springframework.security.web.access.ExceptionTranslationFilter@686e7513, org.springframework.security.web.access.intercept.AuthorizationFilter@33891646]
2025-10-16T16:12:14.959+02:00  INFO 52772 --- [currency-exchange] [           main] o.s.b.t.m.w.SpringBootMockServletContext : Initializing Spring TestDispatcherServlet ''
2025-10-16T16:12:14.959+02:00  INFO 52772 --- [currency-exchange] [           main] o.s.t.web.servlet.TestDispatcherServlet  : Initializing Servlet ''
2025-10-16T16:12:14.960+02:00  INFO 52772 --- [currency-exchange] [           main] o.s.t.web.servlet.TestDispatcherServlet  : Completed initialization in 1 ms
2025-10-16T16:12:14.976+02:00  INFO 52772 --- [currency-exchange] [           main] .e.c.c.CurrencyControllerIntegrationTest : Started CurrencyControllerIntegrationTest in 1.415 seconds (process running for 9.759)
]]></system-out>
  </testcase>
  <testcase name="testAddCurrencyAsUserShouldReturnForbidden" classname="com.example.currencyexchange.controller.CurrencyControllerIntegrationTest" time="0.027">
    <system-out><![CDATA[2025-10-16T16:12:15.055+02:00  INFO 52772 --- [currency-exchange] [           main] o.s.b.d.r.RestartApplicationListener     : Restart disabled due to context in which it is running

  .   ____          _            __ _ _
 /\\ / ___'_ __ _ _(_)_ __  __ _ \ \ \ \
( ( )\___ | '_ | '_| | '_ \/ _` | \ \ \ \
 \\/  ___)| |_)| | | | | || (_| |  ) ) ) )
  '  |____| .__|_| |_|_| |_\__, | / / / /
 =========|_|==============|___/=/_/_/_/
 :: Spring Boot ::                (v3.2.0)

2025-10-16T16:12:15.109+02:00  INFO 52772 --- [currency-exchange] [           main] .e.c.c.CurrencyControllerIntegrationTest : Starting CurrencyControllerIntegrationTest using Java 21.0.8 with PID 52772 (started by h.pichukha in C:\Users\h.pichukha\IdeaProjects\Workshop-1-ready)
2025-10-16T16:12:15.110+02:00 DEBUG 52772 --- [currency-exchange] [           main] .e.c.c.CurrencyControllerIntegrationTest : Running with Spring Boot v3.2.0, Spring v6.1.1
2025-10-16T16:12:15.111+02:00  INFO 52772 --- [currency-exchange] [           main] .e.c.c.CurrencyControllerIntegrationTest : No active profile set, falling back to 1 default profile: "default"
2025-10-16T16:12:15.942+02:00  INFO 52772 --- [currency-exchange] [           main] o.s.s.web.DefaultSecurityFilterChain     : Will secure any request with [org.springframework.security.web.session.DisableEncodeUrlFilter@1a77eb6, org.springframework.security.web.context.request.async.WebAsyncManagerIntegrationFilter@52d9f36b, org.springframework.security.web.context.SecurityContextHolderFilter@705d914f, org.springframework.security.web.header.HeaderWriterFilter@3b576ee3, org.springframework.web.filter.CorsFilter@5f9ebd5a, org.springframework.security.web.authentication.logout.LogoutFilter@795eddda, org.springframework.security.web.authentication.www.BasicAuthenticationFilter@e18d2a2, org.springframework.security.web.savedrequest.RequestCacheAwareFilter@6212ea52, org.springframework.security.web.servletapi.SecurityContextHolderAwareRequestFilter@65b5b5ed, org.springframework.security.web.authentication.AnonymousAuthenticationFilter@175bf9c9, org.springframework.security.web.access.ExceptionTranslationFilter@4738131e, org.springframework.security.web.access.intercept.AuthorizationFilter@44392e64]
2025-10-16T16:12:16.083+02:00  INFO 52772 --- [currency-exchange] [           main] o.s.b.t.m.w.SpringBootMockServletContext : Initializing Spring TestDispatcherServlet ''
2025-10-16T16:12:16.083+02:00  INFO 52772 --- [currency-exchange] [           main] o.s.t.web.servlet.TestDispatcherServlet  : Initializing Servlet ''
2025-10-16T16:12:16.084+02:00  INFO 52772 --- [currency-exchange] [           main] o.s.t.web.servlet.TestDispatcherServlet  : Completed initialization in 1 ms
2025-10-16T16:12:16.094+02:00  INFO 52772 --- [currency-exchange] [           main] .e.c.c.CurrencyControllerIntegrationTest : Started CurrencyControllerIntegrationTest in 1.039 seconds (process running for 10.876)
]]></system-out>
  </testcase>
  <testcase name="testGetCurrenciesInitiallyEmpty" classname="com.example.currencyexchange.controller.CurrencyControllerIntegrationTest" time="0.033">
    <system-out><![CDATA[2025-10-16T16:12:16.129+02:00  INFO 52772 --- [currency-exchange] [           main] o.s.b.d.r.RestartApplicationListener     : Restart disabled due to context in which it is running

  .   ____          _            __ _ _
 /\\ / ___'_ __ _ _(_)_ __  __ _ \ \ \ \
( ( )\___ | '_ | '_| | '_ \/ _` | \ \ \ \
 \\/  ___)| |_)| | | | | || (_| |  ) ) ) )
  '  |____| .__|_| |_|_| |_\__, | / / / /
 =========|_|==============|___/=/_/_/_/
 :: Spring Boot ::                (v3.2.0)

2025-10-16T16:12:16.189+02:00  INFO 52772 --- [currency-exchange] [           main] .e.c.c.CurrencyControllerIntegrationTest : Starting CurrencyControllerIntegrationTest using Java 21.0.8 with PID 52772 (started by h.pichukha in C:\Users\h.pichukha\IdeaProjects\Workshop-1-ready)
2025-10-16T16:12:16.190+02:00 DEBUG 52772 --- [currency-exchange] [           main] .e.c.c.CurrencyControllerIntegrationTest : Running with Spring Boot v3.2.0, Spring v6.1.1
2025-10-16T16:12:16.190+02:00  INFO 52772 --- [currency-exchange] [           main] .e.c.c.CurrencyControllerIntegrationTest : No active profile set, falling back to 1 default profile: "default"
2025-10-16T16:12:16.836+02:00  INFO 52772 --- [currency-exchange] [           main] o.s.s.web.DefaultSecurityFilterChain     : Will secure any request with [org.springframework.security.web.session.DisableEncodeUrlFilter@495bc9e7, org.springframework.security.web.context.request.async.WebAsyncManagerIntegrationFilter@51da7b08, org.springframework.security.web.context.SecurityContextHolderFilter@36349e29, org.springframework.security.web.header.HeaderWriterFilter@7057dbda, org.springframework.web.filter.CorsFilter@580154b3, org.springframework.security.web.authentication.logout.LogoutFilter@6fe243a, org.springframework.security.web.authentication.www.BasicAuthenticationFilter@3e73f5e7, org.springframework.security.web.savedrequest.RequestCacheAwareFilter@183a508b, org.springframework.security.web.servletapi.SecurityContextHolderAwareRequestFilter@5aeebccc, org.springframework.security.web.authentication.AnonymousAuthenticationFilter@79fc4e99, org.springframework.security.web.access.ExceptionTranslationFilter@3f1fb139, org.springframework.security.web.access.intercept.AuthorizationFilter@63ad5fe7]
2025-10-16T16:12:16.917+02:00  INFO 52772 --- [currency-exchange] [           main] o.s.b.t.m.w.SpringBootMockServletContext : Initializing Spring TestDispatcherServlet ''
2025-10-16T16:12:16.918+02:00  INFO 52772 --- [currency-exchange] [           main] o.s.t.web.servlet.TestDispatcherServlet  : Initializing Servlet ''
2025-10-16T16:12:16.918+02:00  INFO 52772 --- [currency-exchange] [           main] o.s.t.web.servlet.TestDispatcherServlet  : Completed initialization in 0 ms
2025-10-16T16:12:16.927+02:00  INFO 52772 --- [currency-exchange] [           main] .e.c.c.CurrencyControllerIntegrationTest : Started CurrencyControllerIntegrationTest in 0.798 seconds (process running for 11.709)
]]></system-out>
  </testcase>
  <testcase name="testAddCurrencyAsAdmin" classname="com.example.currencyexchange.controller.CurrencyControllerIntegrationTest" time="0.016">
    <system-out><![CDATA[2025-10-16T16:12:16.969+02:00  INFO 52772 --- [currency-exchange] [           main] o.s.b.d.r.RestartApplicationListener     : Restart disabled due to context in which it is running

  .   ____          _            __ _ _
 /\\ / ___'_ __ _ _(_)_ __  __ _ \ \ \ \
( ( )\___ | '_ | '_| | '_ \/ _` | \ \ \ \
 \\/  ___)| |_)| | | | | || (_| |  ) ) ) )
  '  |____| .__|_| |_|_| |_\__, | / / / /
 =========|_|==============|___/=/_/_/_/
 :: Spring Boot ::                (v3.2.0)

2025-10-16T16:12:17.026+02:00  INFO 52772 --- [currency-exchange] [           main] .e.c.c.CurrencyControllerIntegrationTest : Starting CurrencyControllerIntegrationTest using Java 21.0.8 with PID 52772 (started by h.pichukha in C:\Users\h.pichukha\IdeaProjects\Workshop-1-ready)
2025-10-16T16:12:17.026+02:00 DEBUG 52772 --- [currency-exchange] [           main] .e.c.c.CurrencyControllerIntegrationTest : Running with Spring Boot v3.2.0, Spring v6.1.1
2025-10-16T16:12:17.026+02:00  INFO 52772 --- [currency-exchange] [           main] .e.c.c.CurrencyControllerIntegrationTest : No active profile set, falling back to 1 default profile: "default"
2025-10-16T16:12:17.672+02:00  INFO 52772 --- [currency-exchange] [           main] o.s.s.web.DefaultSecurityFilterChain     : Will secure any request with [org.springframework.security.web.session.DisableEncodeUrlFilter@9f52eb7, org.springframework.security.web.context.request.async.WebAsyncManagerIntegrationFilter@46c2189e, org.springframework.security.web.context.SecurityContextHolderFilter@6be1f37f, org.springframework.security.web.header.HeaderWriterFilter@44e3f3e5, org.springframework.web.filter.CorsFilter@3462e99a, org.springframework.security.web.authentication.logout.LogoutFilter@5e5d40ec, org.springframework.security.web.authentication.www.BasicAuthenticationFilter@3d1b43d8, org.springframework.security.web.savedrequest.RequestCacheAwareFilter@69ed96e1, org.springframework.security.web.servletapi.SecurityContextHolderAwareRequestFilter@61648dd2, org.springframework.security.web.authentication.AnonymousAuthenticationFilter@5300694d, org.springframework.security.web.access.ExceptionTranslationFilter@627d5f99, org.springframework.security.web.access.intercept.AuthorizationFilter@1e4d93f7]
2025-10-16T16:12:17.739+02:00  INFO 52772 --- [currency-exchange] [           main] o.s.b.t.m.w.SpringBootMockServletContext : Initializing Spring TestDispatcherServlet ''
2025-10-16T16:12:17.739+02:00  INFO 52772 --- [currency-exchange] [           main] o.s.t.web.servlet.TestDispatcherServlet  : Initializing Servlet ''
2025-10-16T16:12:17.740+02:00  INFO 52772 --- [currency-exchange] [           main] o.s.t.web.servlet.TestDispatcherServlet  : Completed initialization in 1 ms
2025-10-16T16:12:17.749+02:00  INFO 52772 --- [currency-exchange] [           main] .e.c.c.CurrencyControllerIntegrationTest : Started CurrencyControllerIntegrationTest in 0.78 seconds (process running for 12.531)
]]></system-out>
  </testcase>
  <testcase name="testAddCurrencyWithoutAuthShouldReturnForbidden" classname="com.example.currencyexchange.controller.CurrencyControllerIntegrationTest" time="0.02">
    <system-out><![CDATA[2025-10-16T16:12:17.769+02:00  INFO 52772 --- [currency-exchange] [           main] o.s.b.d.r.RestartApplicationListener     : Restart disabled due to context in which it is running

  .   ____          _            __ _ _
 /\\ / ___'_ __ _ _(_)_ __  __ _ \ \ \ \
( ( )\___ | '_ | '_| | '_ \/ _` | \ \ \ \
 \\/  ___)| |_)| | | | | || (_| |  ) ) ) )
  '  |____| .__|_| |_|_| |_\__, | / / / /
 =========|_|==============|___/=/_/_/_/
 :: Spring Boot ::                (v3.2.0)

2025-10-16T16:12:17.802+02:00  INFO 52772 --- [currency-exchange] [           main] .e.c.c.CurrencyControllerIntegrationTest : Starting CurrencyControllerIntegrationTest using Java 21.0.8 with PID 52772 (started by h.pichukha in C:\Users\h.pichukha\IdeaProjects\Workshop-1-ready)
2025-10-16T16:12:17.803+02:00 DEBUG 52772 --- [currency-exchange] [           main] .e.c.c.CurrencyControllerIntegrationTest : Running with Spring Boot v3.2.0, Spring v6.1.1
2025-10-16T16:12:17.803+02:00  INFO 52772 --- [currency-exchange] [           main] .e.c.c.CurrencyControllerIntegrationTest : No active profile set, falling back to 1 default profile: "default"
2025-10-16T16:12:18.541+02:00  INFO 52772 --- [currency-exchange] [           main] o.s.s.web.DefaultSecurityFilterChain     : Will secure any request with [org.springframework.security.web.session.DisableEncodeUrlFilter@748aa7dc, org.springframework.security.web.context.request.async.WebAsyncManagerIntegrationFilter@31e84f10, org.springframework.security.web.context.SecurityContextHolderFilter@7e017f47, org.springframework.security.web.header.HeaderWriterFilter@370a935f, org.springframework.web.filter.CorsFilter@c4455b4, org.springframework.security.web.authentication.logout.LogoutFilter@68cb8e52, org.springframework.security.web.authentication.www.BasicAuthenticationFilter@40071890, org.springframework.security.web.savedrequest.RequestCacheAwareFilter@6166aac5, org.springframework.security.web.servletapi.SecurityContextHolderAwareRequestFilter@7e36d508, org.springframework.security.web.authentication.AnonymousAuthenticationFilter@747f0f34, org.springframework.security.web.access.ExceptionTranslationFilter@556944cd, org.springframework.security.web.access.intercept.AuthorizationFilter@74f92d14]
2025-10-16T16:12:18.638+02:00  INFO 52772 --- [currency-exchange] [           main] o.s.b.t.m.w.SpringBootMockServletContext : Initializing Spring TestDispatcherServlet ''
2025-10-16T16:12:18.638+02:00  INFO 52772 --- [currency-exchange] [           main] o.s.t.web.servlet.TestDispatcherServlet  : Initializing Servlet ''
2025-10-16T16:12:18.640+02:00  INFO 52772 --- [currency-exchange] [           main] o.s.t.web.servlet.TestDispatcherServlet  : Completed initialization in 2 ms
2025-10-16T16:12:18.647+02:00  INFO 52772 --- [currency-exchange] [           main] .e.c.c.CurrencyControllerIntegrationTest : Started CurrencyControllerIntegrationTest in 0.878 seconds (process running for 13.429)
]]></system-out>
  </testcase>
</testsuite>